21-Jan-2024 16:40:00.121 INFO [main] org.apache.catalina.startup.VersionLoggerListener.log Server version name:   Apache Tomcat/10.1.18
21-Jan-2024 16:40:00.124 INFO [main] org.apache.catalina.startup.VersionLoggerListener.log Server built:          Jan 5 2024 14:39:40 UTC
21-Jan-2024 16:40:00.124 INFO [main] org.apache.catalina.startup.VersionLoggerListener.log Server version number: 10.1.18.0
21-Jan-2024 16:40:00.124 INFO [main] org.apache.catalina.startup.VersionLoggerListener.log OS Name:               Mac OS X
21-Jan-2024 16:40:00.124 INFO [main] org.apache.catalina.startup.VersionLoggerListener.log OS Version:            14.2.1
21-Jan-2024 16:40:00.124 INFO [main] org.apache.catalina.startup.VersionLoggerListener.log Architecture:          aarch64
21-Jan-2024 16:40:00.124 INFO [main] org.apache.catalina.startup.VersionLoggerListener.log Java Home:             /Library/Java/JavaVirtualMachines/microsoft-11.jdk/Contents/Home
21-Jan-2024 16:40:00.124 INFO [main] org.apache.catalina.startup.VersionLoggerListener.log JVM Version:           11.0.16.1+1-LTS
21-Jan-2024 16:40:00.124 INFO [main] org.apache.catalina.startup.VersionLoggerListener.log JVM Vendor:            Microsoft
21-Jan-2024 16:40:00.124 INFO [main] org.apache.catalina.startup.VersionLoggerListener.log CATALINA_BASE:         /Users/jpesewang/Leif's home/Dev/Workspace/BE/Java/Config/apache-tomcat-10.1.18
21-Jan-2024 16:40:00.125 INFO [main] org.apache.catalina.startup.VersionLoggerListener.log CATALINA_HOME:         /Users/jpesewang/Leif's home/Dev/Workspace/BE/Java/Config/apache-tomcat-10.1.18
21-Jan-2024 16:40:00.135 INFO [main] org.apache.catalina.startup.VersionLoggerListener.log Command line argument: -Djava.util.logging.config.file=/Users/jpesewang/Leif's home/Dev/Workspace/BE/Java/Config/apache-tomcat-10.1.18/conf/logging.properties
21-Jan-2024 16:40:00.135 INFO [main] org.apache.catalina.startup.VersionLoggerListener.log Command line argument: -Djava.util.logging.manager=org.apache.juli.ClassLoaderLogManager
21-Jan-2024 16:40:00.135 INFO [main] org.apache.catalina.startup.VersionLoggerListener.log Command line argument: -Dhttp.nonProxyHosts=localhost|127.0.0.1|Jpese-Wang.local
21-Jan-2024 16:40:00.135 INFO [main] org.apache.catalina.startup.VersionLoggerListener.log Command line argument: -Djdk.tls.ephemeralDHKeySize=2048
21-Jan-2024 16:40:00.135 INFO [main] org.apache.catalina.startup.VersionLoggerListener.log Command line argument: -Djava.protocol.handler.pkgs=org.apache.catalina.webresources
21-Jan-2024 16:40:00.135 INFO [main] org.apache.catalina.startup.VersionLoggerListener.log Command line argument: -Dorg.apache.catalina.security.SecurityListener.UMASK=0027
21-Jan-2024 16:40:00.135 INFO [main] org.apache.catalina.startup.VersionLoggerListener.log Command line argument: --add-opens=java.base/java.lang=ALL-UNNAMED
21-Jan-2024 16:40:00.135 INFO [main] org.apache.catalina.startup.VersionLoggerListener.log Command line argument: --add-opens=java.base/java.io=ALL-UNNAMED
21-Jan-2024 16:40:00.135 INFO [main] org.apache.catalina.startup.VersionLoggerListener.log Command line argument: --add-opens=java.base/java.util=ALL-UNNAMED
21-Jan-2024 16:40:00.135 INFO [main] org.apache.catalina.startup.VersionLoggerListener.log Command line argument: --add-opens=java.base/java.util.concurrent=ALL-UNNAMED
21-Jan-2024 16:40:00.135 INFO [main] org.apache.catalina.startup.VersionLoggerListener.log Command line argument: --add-opens=java.rmi/sun.rmi.transport=ALL-UNNAMED
21-Jan-2024 16:40:00.135 INFO [main] org.apache.catalina.startup.VersionLoggerListener.log Command line argument: -Dcatalina.base=/Users/jpesewang/Leif's home/Dev/Workspace/BE/Java/Config/apache-tomcat-10.1.18
21-Jan-2024 16:40:00.135 INFO [main] org.apache.catalina.startup.VersionLoggerListener.log Command line argument: -Dcatalina.home=/Users/jpesewang/Leif's home/Dev/Workspace/BE/Java/Config/apache-tomcat-10.1.18
21-Jan-2024 16:40:00.135 INFO [main] org.apache.catalina.startup.VersionLoggerListener.log Command line argument: -Djava.io.tmpdir=/Users/jpesewang/Leif's home/Dev/Workspace/BE/Java/Config/apache-tomcat-10.1.18/temp
21-Jan-2024 16:40:00.141 INFO [main] org.apache.catalina.core.AprLifecycleListener.lifecycleEvent The Apache Tomcat Native library which allows using OpenSSL was not found on the java.library.path: [/Users/jpesewang/Library/Java/Extensions:/Library/Java/Extensions:/Network/Library/Java/Extensions:/System/Library/Java/Extensions:/usr/lib/java:.]
21-Jan-2024 16:40:00.294 INFO [main] org.apache.coyote.AbstractProtocol.init Initializing ProtocolHandler ["http-nio-8080"]
21-Jan-2024 16:40:00.313 INFO [main] org.apache.catalina.startup.Catalina.load Server initialization in [307] milliseconds
21-Jan-2024 16:40:00.345 INFO [main] org.apache.catalina.core.StandardService.startInternal Starting service [Catalina]
21-Jan-2024 16:40:00.345 INFO [main] org.apache.catalina.core.StandardEngine.startInternal Starting Servlet engine: [Apache Tomcat/10.1.18]
21-Jan-2024 16:40:00.351 INFO [main] org.apache.catalina.startup.HostConfig.deployDirectory Deploying web application directory [/Users/jpesewang/Leif's home/Dev/Workspace/BE/Java/Config/apache-tomcat-10.1.18/webapps/docs]
21-Jan-2024 16:40:00.556 INFO [main] org.apache.catalina.startup.HostConfig.deployDirectory Deployment of web application directory [/Users/jpesewang/Leif's home/Dev/Workspace/BE/Java/Config/apache-tomcat-10.1.18/webapps/docs] has finished in [205] ms
21-Jan-2024 16:40:00.556 INFO [main] org.apache.catalina.startup.HostConfig.deployDirectory Deploying web application directory [/Users/jpesewang/Leif's home/Dev/Workspace/BE/Java/Config/apache-tomcat-10.1.18/webapps/manager]
21-Jan-2024 16:40:00.575 INFO [main] org.apache.catalina.startup.HostConfig.deployDirectory Deployment of web application directory [/Users/jpesewang/Leif's home/Dev/Workspace/BE/Java/Config/apache-tomcat-10.1.18/webapps/manager] has finished in [19] ms
21-Jan-2024 16:40:00.575 INFO [main] org.apache.catalina.startup.HostConfig.deployDirectory Deploying web application directory [/Users/jpesewang/Leif's home/Dev/Workspace/BE/Java/Config/apache-tomcat-10.1.18/webapps/examples]
21-Jan-2024 16:40:00.704 INFO [main] org.apache.catalina.startup.HostConfig.deployDirectory Deployment of web application directory [/Users/jpesewang/Leif's home/Dev/Workspace/BE/Java/Config/apache-tomcat-10.1.18/webapps/examples] has finished in [129] ms
21-Jan-2024 16:40:00.704 INFO [main] org.apache.catalina.startup.HostConfig.deployDirectory Deploying web application directory [/Users/jpesewang/Leif's home/Dev/Workspace/BE/Java/Config/apache-tomcat-10.1.18/webapps/ROOT]
21-Jan-2024 16:40:00.713 INFO [main] org.apache.catalina.startup.HostConfig.deployDirectory Deployment of web application directory [/Users/jpesewang/Leif's home/Dev/Workspace/BE/Java/Config/apache-tomcat-10.1.18/webapps/ROOT] has finished in [9] ms
21-Jan-2024 16:40:00.713 INFO [main] org.apache.catalina.startup.HostConfig.deployDirectory Deploying web application directory [/Users/jpesewang/Leif's home/Dev/Workspace/BE/Java/Config/apache-tomcat-10.1.18/webapps/host-manager]
21-Jan-2024 16:40:00.725 INFO [main] org.apache.catalina.startup.HostConfig.deployDirectory Deployment of web application directory [/Users/jpesewang/Leif's home/Dev/Workspace/BE/Java/Config/apache-tomcat-10.1.18/webapps/host-manager] has finished in [11] ms
21-Jan-2024 16:40:00.728 INFO [main] org.apache.coyote.AbstractProtocol.start Starting ProtocolHandler ["http-nio-8080"]
21-Jan-2024 16:40:00.735 INFO [main] org.apache.catalina.startup.Catalina.start Server startup in [421] milliseconds
21-Jan-2024 16:40:00.829 INFO [http-nio-8080-exec-3] org.apache.catalina.startup.HostConfig.deployDescriptor Deploying deployment descriptor [/Users/jpesewang/Leif's home/Dev/Workspace/BE/Java/Config/apache-tomcat-10.1.18/conf/Catalina/localhost/ResortHub.xml]
21-Jan-2024 16:40:00.830 WARNING [http-nio-8080-exec-3] org.apache.catalina.startup.HostConfig.deployDescriptor The path attribute with value [/ResortHub] in deployment descriptor [/Users/jpesewang/Leif's home/Dev/Workspace/BE/Java/Config/apache-tomcat-10.1.18/conf/Catalina/localhost/ResortHub.xml] has been ignored
21-Jan-2024 16:40:01.131 INFO [http-nio-8080-exec-3] org.apache.jasper.servlet.TldScanner.scanJars At least one JAR was scanned for TLDs yet contained no TLDs. Enable debug logging for this logger for a complete list of JARs that were scanned but no TLDs were found in them. Skipping unneeded JARs during scanning can improve startup time and JSP compilation time.
21-Jan-2024 16:40:01.141 INFO [http-nio-8080-exec-3] org.apache.catalina.startup.HostConfig.deployDescriptor Deployment of deployment descriptor [/Users/jpesewang/Leif's home/Dev/Workspace/BE/Java/Config/apache-tomcat-10.1.18/conf/Catalina/localhost/ResortHub.xml] has finished in [311] ms
21-Jan-2024 16:40:01.149 INFO [http-nio-8080-exec-2] org.apache.catalina.util.LifecycleBase.start The start() method was called on component [StandardEngine[Catalina].StandardHost[localhost].StandardContext[/ResortHub]] after start() had already been called. The second call will be ignored.
21-Jan-2024 17:05:49.372 INFO [http-nio-8080-exec-7] org.apache.catalina.startup.HostConfig.deployDescriptor Deploying deployment descriptor [/Users/jpesewang/Leif's home/Dev/Workspace/BE/Java/Config/apache-tomcat-10.1.18/conf/Catalina/localhost/WebApplication1.xml]
21-Jan-2024 17:05:49.373 WARNING [http-nio-8080-exec-7] org.apache.catalina.startup.HostConfig.deployDescriptor The path attribute with value [/WebApplication1] in deployment descriptor [/Users/jpesewang/Leif's home/Dev/Workspace/BE/Java/Config/apache-tomcat-10.1.18/conf/Catalina/localhost/WebApplication1.xml] has been ignored
21-Jan-2024 17:05:49.395 INFO [http-nio-8080-exec-7] org.apache.catalina.startup.HostConfig.deployDescriptor Deployment of deployment descriptor [/Users/jpesewang/Leif's home/Dev/Workspace/BE/Java/Config/apache-tomcat-10.1.18/conf/Catalina/localhost/WebApplication1.xml] has finished in [23] ms
21-Jan-2024 17:05:49.400 INFO [http-nio-8080-exec-6] org.apache.catalina.util.LifecycleBase.start The start() method was called on component [StandardEngine[Catalina].StandardHost[localhost].StandardContext[/WebApplication1]] after start() had already been called. The second call will be ignored.
21-Jan-2024 18:06:13.675 INFO [http-nio-8080-exec-6] org.apache.catalina.core.StandardContext.reload Reloading Context with name [/ResortHub] has started
21-Jan-2024 18:06:13.972 INFO [http-nio-8080-exec-6] org.apache.jasper.servlet.TldScanner.scanJars At least one JAR was scanned for TLDs yet contained no TLDs. Enable debug logging for this logger for a complete list of JARs that were scanned but no TLDs were found in them. Skipping unneeded JARs during scanning can improve startup time and JSP compilation time.
21-Jan-2024 18:06:13.975 INFO [http-nio-8080-exec-6] org.apache.catalina.core.StandardContext.reload Reloading Context with name [/ResortHub] is completed
21-Jan-2024 18:06:37.206 INFO [http-nio-8080-exec-8] org.apache.catalina.core.StandardContext.reload Reloading Context with name [/ResortHub] has started
21-Jan-2024 18:06:37.472 INFO [http-nio-8080-exec-8] org.apache.jasper.servlet.TldScanner.scanJars At least one JAR was scanned for TLDs yet contained no TLDs. Enable debug logging for this logger for a complete list of JARs that were scanned but no TLDs were found in them. Skipping unneeded JARs during scanning can improve startup time and JSP compilation time.
21-Jan-2024 18:06:37.475 INFO [http-nio-8080-exec-8] org.apache.catalina.core.StandardContext.reload Reloading Context with name [/ResortHub] is completed
21-Jan-2024 18:07:17.686 INFO [http-nio-8080-exec-10] org.apache.catalina.core.StandardContext.reload Reloading Context with name [/ResortHub] has started
21-Jan-2024 18:07:17.690 WARNING [http-nio-8080-exec-10] org.apache.catalina.loader.WebappClassLoaderBase.clearReferencesJdbc The web application [ResortHub] registered the JDBC driver [com.microsoft.sqlserver.jdbc.SQLServerDriver] but failed to unregister it when the web application was stopped. To prevent a memory leak, the JDBC Driver has been forcibly unregistered.
21-Jan-2024 18:07:17.984 INFO [http-nio-8080-exec-10] org.apache.jasper.servlet.TldScanner.scanJars At least one JAR was scanned for TLDs yet contained no TLDs. Enable debug logging for this logger for a complete list of JARs that were scanned but no TLDs were found in them. Skipping unneeded JARs during scanning can improve startup time and JSP compilation time.
21-Jan-2024 18:07:17.986 INFO [http-nio-8080-exec-10] org.apache.catalina.core.StandardContext.reload Reloading Context with name [/ResortHub] is completed
21-Jan-2024 18:07:21.978 INFO [http-nio-8080-exec-8] org.apache.catalina.core.StandardContext.reload Reloading Context with name [/ResortHub] has started
21-Jan-2024 18:07:22.188 INFO [http-nio-8080-exec-8] org.apache.jasper.servlet.TldScanner.scanJars At least one JAR was scanned for TLDs yet contained no TLDs. Enable debug logging for this logger for a complete list of JARs that were scanned but no TLDs were found in them. Skipping unneeded JARs during scanning can improve startup time and JSP compilation time.
21-Jan-2024 18:07:22.191 INFO [http-nio-8080-exec-8] org.apache.catalina.core.StandardContext.reload Reloading Context with name [/ResortHub] is completed
21-Jan-2024 18:08:06.553 INFO [http-nio-8080-exec-16] org.apache.catalina.core.StandardContext.reload Reloading Context with name [/ResortHub] has started
21-Jan-2024 18:08:06.557 WARNING [http-nio-8080-exec-16] org.apache.catalina.loader.WebappClassLoaderBase.clearReferencesJdbc The web application [ResortHub] registered the JDBC driver [com.microsoft.sqlserver.jdbc.SQLServerDriver] but failed to unregister it when the web application was stopped. To prevent a memory leak, the JDBC Driver has been forcibly unregistered.
21-Jan-2024 18:08:06.824 INFO [http-nio-8080-exec-16] org.apache.jasper.servlet.TldScanner.scanJars At least one JAR was scanned for TLDs yet contained no TLDs. Enable debug logging for this logger for a complete list of JARs that were scanned but no TLDs were found in them. Skipping unneeded JARs during scanning can improve startup time and JSP compilation time.
21-Jan-2024 18:08:06.828 INFO [http-nio-8080-exec-16] org.apache.catalina.core.StandardContext.reload Reloading Context with name [/ResortHub] is completed
21-Jan-2024 18:08:59.447 WARNING [http-nio-8080-exec-11] org.apache.jasper.servlet.TldScanner.scanJspConfig Failed to process TLD with path [/WEB-INF/lib/c.tld] and URI [http://java.sun.com/jstl/core]. The specified path does not exist.
21-Jan-2024 18:08:59.461 INFO [http-nio-8080-exec-11] org.apache.jasper.servlet.TldScanner.scanJars At least one JAR was scanned for TLDs yet contained no TLDs. Enable debug logging for this logger for a complete list of JARs that were scanned but no TLDs were found in them. Skipping unneeded JARs during scanning can improve startup time and JSP compilation time.
21-Jan-2024 18:09:07.059 WARNING [http-nio-8080-exec-22] org.apache.jasper.servlet.TldScanner.scanJspConfig Failed to process TLD with path [/WEB-INF/lib/c.tld] and URI [http://java.sun.com/jstl/core]. The specified path does not exist.
21-Jan-2024 18:09:07.076 INFO [http-nio-8080-exec-22] org.apache.jasper.servlet.TldScanner.scanJars At least one JAR was scanned for TLDs yet contained no TLDs. Enable debug logging for this logger for a complete list of JARs that were scanned but no TLDs were found in them. Skipping unneeded JARs during scanning can improve startup time and JSP compilation time.
21-Jan-2024 18:09:08.680 INFO [Catalina-utility-2] org.apache.catalina.startup.HostConfig.reload Reloading context [/ResortHub]
21-Jan-2024 18:09:08.681 INFO [Catalina-utility-2] org.apache.catalina.core.StandardContext.reload Reloading Context with name [/ResortHub] has started
21-Jan-2024 18:09:08.875 WARNING [Catalina-utility-2] org.apache.jasper.servlet.TldScanner.scanJspConfig Failed to process TLD with path [/WEB-INF/lib/c.tld] and URI [http://java.sun.com/jstl/core]. The specified path does not exist.
21-Jan-2024 18:09:08.885 INFO [Catalina-utility-2] org.apache.jasper.servlet.TldScanner.scanJars At least one JAR was scanned for TLDs yet contained no TLDs. Enable debug logging for this logger for a complete list of JARs that were scanned but no TLDs were found in them. Skipping unneeded JARs during scanning can improve startup time and JSP compilation time.
21-Jan-2024 18:09:08.887 INFO [Catalina-utility-2] org.apache.catalina.core.StandardContext.reload Reloading Context with name [/ResortHub] is completed
21-Jan-2024 18:10:47.668 WARNING [http-nio-8080-exec-32] org.apache.catalina.loader.WebappClassLoaderBase.clearReferencesJdbc The web application [ResortHub] registered the JDBC driver [com.microsoft.sqlserver.jdbc.SQLServerDriver] but failed to unregister it when the web application was stopped. To prevent a memory leak, the JDBC Driver has been forcibly unregistered.
21-Jan-2024 18:10:47.959 WARNING [http-nio-8080-exec-29] org.apache.jasper.servlet.TldScanner.scanJspConfig Failed to process TLD with path [/WEB-INF/lib/c.tld] and URI [http://java.sun.com/jstl/core]. The specified path does not exist.
21-Jan-2024 18:10:47.975 INFO [http-nio-8080-exec-29] org.apache.jasper.servlet.TldScanner.scanJars At least one JAR was scanned for TLDs yet contained no TLDs. Enable debug logging for this logger for a complete list of JARs that were scanned but no TLDs were found in them. Skipping unneeded JARs during scanning can improve startup time and JSP compilation time.
21-Jan-2024 18:10:48.315 INFO [http-nio-8080-exec-28] org.apache.catalina.core.StandardContext.reload Reloading Context with name [/ResortHub] has started
21-Jan-2024 18:10:48.524 WARNING [http-nio-8080-exec-28] org.apache.jasper.servlet.TldScanner.scanJspConfig Failed to process TLD with path [/WEB-INF/lib/c.tld] and URI [http://java.sun.com/jstl/core]. The specified path does not exist.
21-Jan-2024 18:10:48.536 INFO [http-nio-8080-exec-28] org.apache.jasper.servlet.TldScanner.scanJars At least one JAR was scanned for TLDs yet contained no TLDs. Enable debug logging for this logger for a complete list of JARs that were scanned but no TLDs were found in them. Skipping unneeded JARs during scanning can improve startup time and JSP compilation time.
21-Jan-2024 18:10:48.538 INFO [http-nio-8080-exec-28] org.apache.catalina.core.StandardContext.reload Reloading Context with name [/ResortHub] is completed
21-Jan-2024 18:10:48.971 INFO [Catalina-utility-2] org.apache.catalina.startup.HostConfig.reload Reloading context [/ResortHub]
21-Jan-2024 18:10:48.971 INFO [Catalina-utility-2] org.apache.catalina.core.StandardContext.reload Reloading Context with name [/ResortHub] has started
21-Jan-2024 18:10:49.168 WARNING [Catalina-utility-2] org.apache.jasper.servlet.TldScanner.scanJspConfig Failed to process TLD with path [/WEB-INF/lib/c.tld] and URI [http://java.sun.com/jstl/core]. The specified path does not exist.
21-Jan-2024 18:10:49.182 INFO [Catalina-utility-2] org.apache.jasper.servlet.TldScanner.scanJars At least one JAR was scanned for TLDs yet contained no TLDs. Enable debug logging for this logger for a complete list of JARs that were scanned but no TLDs were found in them. Skipping unneeded JARs during scanning can improve startup time and JSP compilation time.
21-Jan-2024 18:10:49.184 INFO [Catalina-utility-2] org.apache.catalina.core.StandardContext.reload Reloading Context with name [/ResortHub] is completed
21-Jan-2024 18:10:53.494 INFO [http-nio-8080-exec-29] org.apache.catalina.core.StandardContext.reload Reloading Context with name [/ResortHub] has started
21-Jan-2024 18:10:53.678 WARNING [http-nio-8080-exec-29] org.apache.jasper.servlet.TldScanner.scanJspConfig Failed to process TLD with path [/WEB-INF/lib/c.tld] and URI [http://java.sun.com/jstl/core]. The specified path does not exist.
21-Jan-2024 18:10:53.688 INFO [http-nio-8080-exec-29] org.apache.jasper.servlet.TldScanner.scanJars At least one JAR was scanned for TLDs yet contained no TLDs. Enable debug logging for this logger for a complete list of JARs that were scanned but no TLDs were found in them. Skipping unneeded JARs during scanning can improve startup time and JSP compilation time.
21-Jan-2024 18:10:53.690 INFO [http-nio-8080-exec-29] org.apache.catalina.core.StandardContext.reload Reloading Context with name [/ResortHub] is completed
21-Jan-2024 18:10:56.556 INFO [http-nio-8080-exec-32] org.apache.catalina.core.StandardContext.reload Reloading Context with name [/ResortHub] has started
21-Jan-2024 18:10:56.749 WARNING [http-nio-8080-exec-32] org.apache.jasper.servlet.TldScanner.scanJspConfig Failed to process TLD with path [/WEB-INF/lib/c.tld] and URI [http://java.sun.com/jstl/core]. The specified path does not exist.
21-Jan-2024 18:10:56.759 INFO [http-nio-8080-exec-32] org.apache.jasper.servlet.TldScanner.scanJars At least one JAR was scanned for TLDs yet contained no TLDs. Enable debug logging for this logger for a complete list of JARs that were scanned but no TLDs were found in them. Skipping unneeded JARs during scanning can improve startup time and JSP compilation time.
21-Jan-2024 18:10:56.761 INFO [http-nio-8080-exec-32] org.apache.catalina.core.StandardContext.reload Reloading Context with name [/ResortHub] is completed
21-Jan-2024 18:11:15.074 INFO [http-nio-8080-exec-37] org.apache.catalina.core.StandardContext.reload Reloading Context with name [/ResortHub] has started
21-Jan-2024 18:11:15.268 WARNING [http-nio-8080-exec-37] org.apache.jasper.servlet.TldScanner.scanJspConfig Failed to process TLD with path [/WEB-INF/lib/c.tld] and URI [http://java.sun.com/jstl/core]. The specified path does not exist.
21-Jan-2024 18:11:15.277 INFO [http-nio-8080-exec-37] org.apache.jasper.servlet.TldScanner.scanJars At least one JAR was scanned for TLDs yet contained no TLDs. Enable debug logging for this logger for a complete list of JARs that were scanned but no TLDs were found in them. Skipping unneeded JARs during scanning can improve startup time and JSP compilation time.
21-Jan-2024 18:11:15.280 INFO [http-nio-8080-exec-37] org.apache.catalina.core.StandardContext.reload Reloading Context with name [/ResortHub] is completed
21-Jan-2024 18:11:17.929 INFO [http-nio-8080-exec-33] org.apache.catalina.core.StandardContext.reload Reloading Context with name [/ResortHub] has started
21-Jan-2024 18:11:18.105 WARNING [http-nio-8080-exec-33] org.apache.jasper.servlet.TldScanner.scanJspConfig Failed to process TLD with path [/WEB-INF/lib/c.tld] and URI [http://java.sun.com/jstl/core]. The specified path does not exist.
21-Jan-2024 18:11:18.116 INFO [http-nio-8080-exec-33] org.apache.jasper.servlet.TldScanner.scanJars At least one JAR was scanned for TLDs yet contained no TLDs. Enable debug logging for this logger for a complete list of JARs that were scanned but no TLDs were found in them. Skipping unneeded JARs during scanning can improve startup time and JSP compilation time.
21-Jan-2024 18:11:18.118 INFO [http-nio-8080-exec-33] org.apache.catalina.core.StandardContext.reload Reloading Context with name [/ResortHub] is completed
21-Jan-2024 18:11:37.228 INFO [http-nio-8080-exec-38] org.apache.catalina.startup.HostConfig.undeploy Undeploying context [/WebApplication1]
21-Jan-2024 18:11:54.318 INFO [http-nio-8080-exec-37] org.apache.catalina.core.StandardContext.reload Reloading Context with name [/ResortHub] has started
21-Jan-2024 18:11:54.563 WARNING [http-nio-8080-exec-37] org.apache.jasper.servlet.TldScanner.scanJspConfig Failed to process TLD with path [/WEB-INF/lib/c.tld] and URI [http://java.sun.com/jstl/core]. The specified path does not exist.
21-Jan-2024 18:11:54.580 INFO [http-nio-8080-exec-37] org.apache.jasper.servlet.TldScanner.scanJars At least one JAR was scanned for TLDs yet contained no TLDs. Enable debug logging for this logger for a complete list of JARs that were scanned but no TLDs were found in them. Skipping unneeded JARs during scanning can improve startup time and JSP compilation time.
21-Jan-2024 18:11:54.583 INFO [http-nio-8080-exec-37] org.apache.catalina.core.StandardContext.reload Reloading Context with name [/ResortHub] is completed
21-Jan-2024 18:11:54.911 INFO [http-nio-8080-exec-38] org.apache.catalina.core.StandardContext.reload Reloading Context with name [/ResortHub] has started
21-Jan-2024 18:11:55.110 WARNING [http-nio-8080-exec-38] org.apache.jasper.servlet.TldScanner.scanJspConfig Failed to process TLD with path [/WEB-INF/lib/c.tld] and URI [http://java.sun.com/jstl/core]. The specified path does not exist.
21-Jan-2024 18:11:55.124 INFO [http-nio-8080-exec-38] org.apache.jasper.servlet.TldScanner.scanJars At least one JAR was scanned for TLDs yet contained no TLDs. Enable debug logging for this logger for a complete list of JARs that were scanned but no TLDs were found in them. Skipping unneeded JARs during scanning can improve startup time and JSP compilation time.
21-Jan-2024 18:11:55.126 INFO [http-nio-8080-exec-38] org.apache.catalina.core.StandardContext.reload Reloading Context with name [/ResortHub] is completed
21-Jan-2024 18:13:32.959 INFO [http-nio-8080-exec-32] org.apache.catalina.core.StandardContext.reload Reloading Context with name [/ResortHub] has started
21-Jan-2024 18:13:33.187 WARNING [http-nio-8080-exec-32] org.apache.jasper.servlet.TldScanner.scanJspConfig Failed to process TLD with path [/WEB-INF/lib/c.tld] and URI [http://java.sun.com/jstl/core]. The specified path does not exist.
21-Jan-2024 18:13:33.197 INFO [http-nio-8080-exec-32] org.apache.jasper.servlet.TldScanner.scanJars At least one JAR was scanned for TLDs yet contained no TLDs. Enable debug logging for this logger for a complete list of JARs that were scanned but no TLDs were found in them. Skipping unneeded JARs during scanning can improve startup time and JSP compilation time.
21-Jan-2024 18:13:33.200 INFO [http-nio-8080-exec-32] org.apache.catalina.core.StandardContext.reload Reloading Context with name [/ResortHub] is completed
21-Jan-2024 18:14:56.794 INFO [http-nio-8080-exec-48] org.apache.catalina.core.StandardContext.reload Reloading Context with name [/ResortHub] has started
21-Jan-2024 18:14:57.037 WARNING [http-nio-8080-exec-48] org.apache.jasper.servlet.TldScanner.scanJspConfig Failed to process TLD with path [/WEB-INF/lib/c.tld] and URI [http://java.sun.com/jstl/core]. The specified path does not exist.
21-Jan-2024 18:14:57.049 INFO [http-nio-8080-exec-48] org.apache.jasper.servlet.TldScanner.scanJars At least one JAR was scanned for TLDs yet contained no TLDs. Enable debug logging for this logger for a complete list of JARs that were scanned but no TLDs were found in them. Skipping unneeded JARs during scanning can improve startup time and JSP compilation time.
21-Jan-2024 18:14:57.051 INFO [http-nio-8080-exec-48] org.apache.catalina.core.StandardContext.reload Reloading Context with name [/ResortHub] is completed
21-Jan-2024 18:18:10.746 INFO [http-nio-8080-exec-53] org.apache.catalina.core.StandardContext.reload Reloading Context with name [/ResortHub] has started
21-Jan-2024 18:18:10.751 WARNING [http-nio-8080-exec-53] org.apache.catalina.loader.WebappClassLoaderBase.clearReferencesJdbc The web application [ResortHub] registered the JDBC driver [com.microsoft.sqlserver.jdbc.SQLServerDriver] but failed to unregister it when the web application was stopped. To prevent a memory leak, the JDBC Driver has been forcibly unregistered.
21-Jan-2024 18:18:10.978 WARNING [http-nio-8080-exec-53] org.apache.jasper.servlet.TldScanner.scanJspConfig Failed to process TLD with path [/WEB-INF/lib/c.tld] and URI [http://java.sun.com/jstl/core]. The specified path does not exist.
21-Jan-2024 18:18:10.989 INFO [http-nio-8080-exec-53] org.apache.jasper.servlet.TldScanner.scanJars At least one JAR was scanned for TLDs yet contained no TLDs. Enable debug logging for this logger for a complete list of JARs that were scanned but no TLDs were found in them. Skipping unneeded JARs during scanning can improve startup time and JSP compilation time.
21-Jan-2024 18:18:10.992 INFO [http-nio-8080-exec-53] org.apache.catalina.core.StandardContext.reload Reloading Context with name [/ResortHub] is completed
21-Jan-2024 18:18:11.534 WARNING [http-nio-8080-exec-52] org.apache.jasper.servlet.TldScanner.scanJspConfig Failed to process TLD with path [/WEB-INF/lib/c.tld] and URI [http://java.sun.com/jstl/core]. The specified path does not exist.
21-Jan-2024 18:18:11.543 INFO [http-nio-8080-exec-52] org.apache.jasper.servlet.TldScanner.scanJars At least one JAR was scanned for TLDs yet contained no TLDs. Enable debug logging for this logger for a complete list of JARs that were scanned but no TLDs were found in them. Skipping unneeded JARs during scanning can improve startup time and JSP compilation time.
21-Jan-2024 18:18:18.686 INFO [http-nio-8080-exec-49] org.apache.catalina.core.StandardContext.reload Reloading Context with name [/ResortHub] has started
21-Jan-2024 18:18:18.874 WARNING [http-nio-8080-exec-49] org.apache.jasper.servlet.TldScanner.scanJspConfig Failed to process TLD with path [/WEB-INF/lib/c.tld] and URI [http://java.sun.com/jstl/core]. The specified path does not exist.
21-Jan-2024 18:18:18.884 INFO [http-nio-8080-exec-49] org.apache.jasper.servlet.TldScanner.scanJars At least one JAR was scanned for TLDs yet contained no TLDs. Enable debug logging for this logger for a complete list of JARs that were scanned but no TLDs were found in them. Skipping unneeded JARs during scanning can improve startup time and JSP compilation time.
21-Jan-2024 18:18:18.886 INFO [http-nio-8080-exec-49] org.apache.catalina.core.StandardContext.reload Reloading Context with name [/ResortHub] is completed
21-Jan-2024 18:18:19.547 INFO [Catalina-utility-1] org.apache.catalina.startup.HostConfig.reload Reloading context [/ResortHub]
21-Jan-2024 18:18:19.547 INFO [Catalina-utility-1] org.apache.catalina.core.StandardContext.reload Reloading Context with name [/ResortHub] has started
21-Jan-2024 18:18:19.719 WARNING [Catalina-utility-1] org.apache.jasper.servlet.TldScanner.scanJspConfig Failed to process TLD with path [/WEB-INF/lib/c.tld] and URI [http://java.sun.com/jstl/core]. The specified path does not exist.
21-Jan-2024 18:18:19.727 INFO [Catalina-utility-1] org.apache.jasper.servlet.TldScanner.scanJars At least one JAR was scanned for TLDs yet contained no TLDs. Enable debug logging for this logger for a complete list of JARs that were scanned but no TLDs were found in them. Skipping unneeded JARs during scanning can improve startup time and JSP compilation time.
21-Jan-2024 18:18:19.729 INFO [Catalina-utility-1] org.apache.catalina.core.StandardContext.reload Reloading Context with name [/ResortHub] is completed
21-Jan-2024 18:18:30.438 INFO [http-nio-8080-exec-59] org.apache.catalina.core.StandardContext.reload Reloading Context with name [/ResortHub] has started
21-Jan-2024 18:18:30.612 WARNING [http-nio-8080-exec-59] org.apache.jasper.servlet.TldScanner.scanJspConfig Failed to process TLD with path [/WEB-INF/lib/c.tld] and URI [http://java.sun.com/jstl/core]. The specified path does not exist.
21-Jan-2024 18:18:30.621 INFO [http-nio-8080-exec-59] org.apache.jasper.servlet.TldScanner.scanJars At least one JAR was scanned for TLDs yet contained no TLDs. Enable debug logging for this logger for a complete list of JARs that were scanned but no TLDs were found in them. Skipping unneeded JARs during scanning can improve startup time and JSP compilation time.
21-Jan-2024 18:18:30.624 INFO [http-nio-8080-exec-59] org.apache.catalina.core.StandardContext.reload Reloading Context with name [/ResortHub] is completed
21-Jan-2024 18:18:35.339 INFO [http-nio-8080-exec-49] org.apache.catalina.core.StandardContext.reload Reloading Context with name [/ResortHub] has started
21-Jan-2024 18:18:35.522 WARNING [http-nio-8080-exec-49] org.apache.jasper.servlet.TldScanner.scanJspConfig Failed to process TLD with path [/WEB-INF/lib/c.tld] and URI [http://java.sun.com/jstl/core]. The specified path does not exist.
21-Jan-2024 18:18:35.532 INFO [http-nio-8080-exec-49] org.apache.jasper.servlet.TldScanner.scanJars At least one JAR was scanned for TLDs yet contained no TLDs. Enable debug logging for this logger for a complete list of JARs that were scanned but no TLDs were found in them. Skipping unneeded JARs during scanning can improve startup time and JSP compilation time.
21-Jan-2024 18:18:35.534 INFO [http-nio-8080-exec-49] org.apache.catalina.core.StandardContext.reload Reloading Context with name [/ResortHub] is completed
21-Jan-2024 20:31:26.090 WARNING [http-nio-8080-exec-69] org.apache.catalina.loader.WebappClassLoaderBase.clearReferencesJdbc The web application [ResortHub] registered the JDBC driver [com.microsoft.sqlserver.jdbc.SQLServerDriver] but failed to unregister it when the web application was stopped. To prevent a memory leak, the JDBC Driver has been forcibly unregistered.
21-Jan-2024 20:31:26.332 WARNING [http-nio-8080-exec-66] org.apache.jasper.servlet.TldScanner.scanJspConfig Failed to process TLD with path [/WEB-INF/lib/c.tld] and URI [http://java.sun.com/jstl/core]. The specified path does not exist.
21-Jan-2024 20:31:26.350 INFO [http-nio-8080-exec-66] org.apache.jasper.servlet.TldScanner.scanJars At least one JAR was scanned for TLDs yet contained no TLDs. Enable debug logging for this logger for a complete list of JARs that were scanned but no TLDs were found in them. Skipping unneeded JARs during scanning can improve startup time and JSP compilation time.
21-Jan-2024 20:31:27.519 INFO [http-nio-8080-exec-70] org.apache.catalina.core.StandardContext.reload Reloading Context with name [/ResortHub] has started
21-Jan-2024 20:31:27.724 WARNING [http-nio-8080-exec-70] org.apache.jasper.servlet.TldScanner.scanJspConfig Failed to process TLD with path [/WEB-INF/lib/c.tld] and URI [http://java.sun.com/jstl/core]. The specified path does not exist.
21-Jan-2024 20:31:27.734 INFO [http-nio-8080-exec-70] org.apache.jasper.servlet.TldScanner.scanJars At least one JAR was scanned for TLDs yet contained no TLDs. Enable debug logging for this logger for a complete list of JARs that were scanned but no TLDs were found in them. Skipping unneeded JARs during scanning can improve startup time and JSP compilation time.
21-Jan-2024 20:31:27.736 INFO [http-nio-8080-exec-70] org.apache.catalina.core.StandardContext.reload Reloading Context with name [/ResortHub] is completed
21-Jan-2024 20:31:28.678 INFO [Catalina-utility-1] org.apache.catalina.startup.HostConfig.reload Reloading context [/ResortHub]
21-Jan-2024 20:31:28.678 INFO [Catalina-utility-1] org.apache.catalina.core.StandardContext.reload Reloading Context with name [/ResortHub] has started
21-Jan-2024 20:31:28.851 WARNING [Catalina-utility-1] org.apache.jasper.servlet.TldScanner.scanJspConfig Failed to process TLD with path [/WEB-INF/lib/c.tld] and URI [http://java.sun.com/jstl/core]. The specified path does not exist.
21-Jan-2024 20:31:28.859 INFO [Catalina-utility-1] org.apache.jasper.servlet.TldScanner.scanJars At least one JAR was scanned for TLDs yet contained no TLDs. Enable debug logging for this logger for a complete list of JARs that were scanned but no TLDs were found in them. Skipping unneeded JARs during scanning can improve startup time and JSP compilation time.
21-Jan-2024 20:31:28.862 INFO [Catalina-utility-1] org.apache.catalina.core.StandardContext.reload Reloading Context with name [/ResortHub] is completed
21-Jan-2024 20:32:16.553 WARNING [http-nio-8080-exec-75] org.apache.jasper.servlet.TldScanner.scanJspConfig Failed to process TLD with path [/WEB-INF/lib/c.tld] and URI [http://java.sun.com/jstl/core]. The specified path does not exist.
21-Jan-2024 20:32:16.562 INFO [http-nio-8080-exec-75] org.apache.jasper.servlet.TldScanner.scanJars At least one JAR was scanned for TLDs yet contained no TLDs. Enable debug logging for this logger for a complete list of JARs that were scanned but no TLDs were found in them. Skipping unneeded JARs during scanning can improve startup time and JSP compilation time.
21-Jan-2024 20:32:16.895 INFO [http-nio-8080-exec-71] org.apache.catalina.core.StandardContext.reload Reloading Context with name [/ResortHub] has started
21-Jan-2024 20:32:17.069 WARNING [http-nio-8080-exec-71] org.apache.jasper.servlet.TldScanner.scanJspConfig Failed to process TLD with path [/WEB-INF/lib/c.tld] and URI [http://java.sun.com/jstl/core]. The specified path does not exist.
21-Jan-2024 20:32:17.077 INFO [http-nio-8080-exec-71] org.apache.jasper.servlet.TldScanner.scanJars At least one JAR was scanned for TLDs yet contained no TLDs. Enable debug logging for this logger for a complete list of JARs that were scanned but no TLDs were found in them. Skipping unneeded JARs during scanning can improve startup time and JSP compilation time.
21-Jan-2024 20:32:17.079 INFO [http-nio-8080-exec-71] org.apache.catalina.core.StandardContext.reload Reloading Context with name [/ResortHub] is completed
21-Jan-2024 20:32:18.883 INFO [Catalina-utility-1] org.apache.catalina.startup.HostConfig.reload Reloading context [/ResortHub]
21-Jan-2024 20:32:18.883 INFO [Catalina-utility-1] org.apache.catalina.core.StandardContext.reload Reloading Context with name [/ResortHub] has started
21-Jan-2024 20:32:19.050 WARNING [Catalina-utility-1] org.apache.jasper.servlet.TldScanner.scanJspConfig Failed to process TLD with path [/WEB-INF/lib/c.tld] and URI [http://java.sun.com/jstl/core]. The specified path does not exist.
21-Jan-2024 20:32:19.057 INFO [Catalina-utility-1] org.apache.jasper.servlet.TldScanner.scanJars At least one JAR was scanned for TLDs yet contained no TLDs. Enable debug logging for this logger for a complete list of JARs that were scanned but no TLDs were found in them. Skipping unneeded JARs during scanning can improve startup time and JSP compilation time.
21-Jan-2024 20:32:19.059 INFO [Catalina-utility-1] org.apache.catalina.core.StandardContext.reload Reloading Context with name [/ResortHub] is completed
21-Jan-2024 20:32:37.241 INFO [http-nio-8080-exec-70] org.apache.catalina.core.StandardContext.reload Reloading Context with name [/ResortHub] has started
21-Jan-2024 20:32:37.432 WARNING [http-nio-8080-exec-70] org.apache.jasper.servlet.TldScanner.scanJspConfig Failed to process TLD with path [/WEB-INF/lib/c.tld] and URI [http://java.sun.com/jstl/core]. The specified path does not exist.
21-Jan-2024 20:32:37.440 INFO [http-nio-8080-exec-70] org.apache.jasper.servlet.TldScanner.scanJars At least one JAR was scanned for TLDs yet contained no TLDs. Enable debug logging for this logger for a complete list of JARs that were scanned but no TLDs were found in them. Skipping unneeded JARs during scanning can improve startup time and JSP compilation time.
21-Jan-2024 20:32:37.442 INFO [http-nio-8080-exec-70] org.apache.catalina.core.StandardContext.reload Reloading Context with name [/ResortHub] is completed
21-Jan-2024 20:33:08.669 WARNING [http-nio-8080-exec-70] org.apache.catalina.loader.WebappClassLoaderBase.clearReferencesJdbc The web application [ResortHub] registered the JDBC driver [com.microsoft.sqlserver.jdbc.SQLServerDriver] but failed to unregister it when the web application was stopped. To prevent a memory leak, the JDBC Driver has been forcibly unregistered.
21-Jan-2024 20:33:08.861 WARNING [http-nio-8080-exec-83] org.apache.jasper.servlet.TldScanner.scanJspConfig Failed to process TLD with path [/WEB-INF/lib/c.tld] and URI [http://java.sun.com/jstl/core]. The specified path does not exist.
21-Jan-2024 20:33:08.870 INFO [http-nio-8080-exec-83] org.apache.jasper.servlet.TldScanner.scanJars At least one JAR was scanned for TLDs yet contained no TLDs. Enable debug logging for this logger for a complete list of JARs that were scanned but no TLDs were found in them. Skipping unneeded JARs during scanning can improve startup time and JSP compilation time.
21-Jan-2024 20:33:19.094 INFO [Catalina-utility-2] org.apache.catalina.startup.HostConfig.reload Reloading context [/ResortHub]
21-Jan-2024 20:33:19.094 INFO [Catalina-utility-2] org.apache.catalina.core.StandardContext.reload Reloading Context with name [/ResortHub] has started
21-Jan-2024 20:33:19.290 WARNING [Catalina-utility-2] org.apache.jasper.servlet.TldScanner.scanJspConfig Failed to process TLD with path [/WEB-INF/lib/c.tld] and URI [http://java.sun.com/jstl/core]. The specified path does not exist.
21-Jan-2024 20:33:19.298 INFO [Catalina-utility-2] org.apache.jasper.servlet.TldScanner.scanJars At least one JAR was scanned for TLDs yet contained no TLDs. Enable debug logging for this logger for a complete list of JARs that were scanned but no TLDs were found in them. Skipping unneeded JARs during scanning can improve startup time and JSP compilation time.
21-Jan-2024 20:33:19.300 INFO [Catalina-utility-2] org.apache.catalina.core.StandardContext.reload Reloading Context with name [/ResortHub] is completed
21-Jan-2024 20:35:46.685 WARNING [http-nio-8080-exec-87] org.apache.catalina.loader.WebappClassLoaderBase.clearReferencesJdbc The web application [ResortHub] registered the JDBC driver [com.microsoft.sqlserver.jdbc.SQLServerDriver] but failed to unregister it when the web application was stopped. To prevent a memory leak, the JDBC Driver has been forcibly unregistered.
21-Jan-2024 20:35:46.918 WARNING [http-nio-8080-exec-86] org.apache.jasper.servlet.TldScanner.scanJspConfig Failed to process TLD with path [/WEB-INF/lib/c.tld] and URI [http://java.sun.com/jstl/core]. The specified path does not exist.
21-Jan-2024 20:35:46.928 INFO [http-nio-8080-exec-86] org.apache.jasper.servlet.TldScanner.scanJars At least one JAR was scanned for TLDs yet contained no TLDs. Enable debug logging for this logger for a complete list of JARs that were scanned but no TLDs were found in them. Skipping unneeded JARs during scanning can improve startup time and JSP compilation time.
21-Jan-2024 20:35:47.262 INFO [http-nio-8080-exec-84] org.apache.catalina.core.StandardContext.reload Reloading Context with name [/ResortHub] has started
21-Jan-2024 20:35:47.447 WARNING [http-nio-8080-exec-84] org.apache.jasper.servlet.TldScanner.scanJspConfig Failed to process TLD with path [/WEB-INF/lib/c.tld] and URI [http://java.sun.com/jstl/core]. The specified path does not exist.
21-Jan-2024 20:35:47.456 INFO [http-nio-8080-exec-84] org.apache.jasper.servlet.TldScanner.scanJars At least one JAR was scanned for TLDs yet contained no TLDs. Enable debug logging for this logger for a complete list of JARs that were scanned but no TLDs were found in them. Skipping unneeded JARs during scanning can improve startup time and JSP compilation time.
21-Jan-2024 20:35:47.458 INFO [http-nio-8080-exec-84] org.apache.catalina.core.StandardContext.reload Reloading Context with name [/ResortHub] is completed
21-Jan-2024 20:35:49.428 INFO [Catalina-utility-2] org.apache.catalina.startup.HostConfig.reload Reloading context [/ResortHub]
21-Jan-2024 20:35:49.428 INFO [Catalina-utility-2] org.apache.catalina.core.StandardContext.reload Reloading Context with name [/ResortHub] has started
21-Jan-2024 20:35:49.600 WARNING [Catalina-utility-2] org.apache.jasper.servlet.TldScanner.scanJspConfig Failed to process TLD with path [/WEB-INF/lib/c.tld] and URI [http://java.sun.com/jstl/core]. The specified path does not exist.
21-Jan-2024 20:35:49.609 INFO [Catalina-utility-2] org.apache.jasper.servlet.TldScanner.scanJars At least one JAR was scanned for TLDs yet contained no TLDs. Enable debug logging for this logger for a complete list of JARs that were scanned but no TLDs were found in them. Skipping unneeded JARs during scanning can improve startup time and JSP compilation time.
21-Jan-2024 20:35:49.611 INFO [Catalina-utility-2] org.apache.catalina.core.StandardContext.reload Reloading Context with name [/ResortHub] is completed
21-Jan-2024 20:35:50.449 INFO [http-nio-8080-exec-92] org.apache.catalina.core.StandardContext.reload Reloading Context with name [/ResortHub] has started
21-Jan-2024 20:35:50.636 WARNING [http-nio-8080-exec-92] org.apache.jasper.servlet.TldScanner.scanJspConfig Failed to process TLD with path [/WEB-INF/lib/c.tld] and URI [http://java.sun.com/jstl/core]. The specified path does not exist.
21-Jan-2024 20:35:50.645 INFO [http-nio-8080-exec-92] org.apache.jasper.servlet.TldScanner.scanJars At least one JAR was scanned for TLDs yet contained no TLDs. Enable debug logging for this logger for a complete list of JARs that were scanned but no TLDs were found in them. Skipping unneeded JARs during scanning can improve startup time and JSP compilation time.
21-Jan-2024 20:35:50.647 INFO [http-nio-8080-exec-92] org.apache.catalina.core.StandardContext.reload Reloading Context with name [/ResortHub] is completed
21-Jan-2024 20:36:39.233 INFO [http-nio-8080-exec-89] org.apache.catalina.core.StandardContext.reload Reloading Context with name [/ResortHub] has started
21-Jan-2024 20:36:39.436 WARNING [http-nio-8080-exec-89] org.apache.jasper.servlet.TldScanner.scanJspConfig Failed to process TLD with path [/WEB-INF/lib/c.tld] and URI [http://java.sun.com/jstl/core]. The specified path does not exist.
21-Jan-2024 20:36:39.444 INFO [http-nio-8080-exec-89] org.apache.jasper.servlet.TldScanner.scanJars At least one JAR was scanned for TLDs yet contained no TLDs. Enable debug logging for this logger for a complete list of JARs that were scanned but no TLDs were found in them. Skipping unneeded JARs during scanning can improve startup time and JSP compilation time.
21-Jan-2024 20:36:39.446 INFO [http-nio-8080-exec-89] org.apache.catalina.core.StandardContext.reload Reloading Context with name [/ResortHub] is completed
21-Jan-2024 20:36:43.958 INFO [http-nio-8080-exec-84] org.apache.catalina.core.StandardContext.reload Reloading Context with name [/ResortHub] has started
21-Jan-2024 20:36:44.137 WARNING [http-nio-8080-exec-84] org.apache.jasper.servlet.TldScanner.scanJspConfig Failed to process TLD with path [/WEB-INF/lib/c.tld] and URI [http://java.sun.com/jstl/core]. The specified path does not exist.
21-Jan-2024 20:36:44.145 INFO [http-nio-8080-exec-84] org.apache.jasper.servlet.TldScanner.scanJars At least one JAR was scanned for TLDs yet contained no TLDs. Enable debug logging for this logger for a complete list of JARs that were scanned but no TLDs were found in them. Skipping unneeded JARs during scanning can improve startup time and JSP compilation time.
21-Jan-2024 20:36:44.147 INFO [http-nio-8080-exec-84] org.apache.catalina.core.StandardContext.reload Reloading Context with name [/ResortHub] is completed
21-Jan-2024 20:46:07.731 WARNING [http-nio-8080-exec-103] org.apache.catalina.loader.WebappClassLoaderBase.clearReferencesJdbc The web application [ResortHub] registered the JDBC driver [com.microsoft.sqlserver.jdbc.SQLServerDriver] but failed to unregister it when the web application was stopped. To prevent a memory leak, the JDBC Driver has been forcibly unregistered.
21-Jan-2024 20:46:08.013 WARNING [http-nio-8080-exec-98] org.apache.jasper.servlet.TldScanner.scanJspConfig Failed to process TLD with path [/WEB-INF/lib/c.tld] and URI [http://java.sun.com/jstl/core]. The specified path does not exist.
21-Jan-2024 20:46:08.025 INFO [http-nio-8080-exec-98] org.apache.jasper.servlet.TldScanner.scanJars At least one JAR was scanned for TLDs yet contained no TLDs. Enable debug logging for this logger for a complete list of JARs that were scanned but no TLDs were found in them. Skipping unneeded JARs during scanning can improve startup time and JSP compilation time.
21-Jan-2024 20:46:08.360 INFO [http-nio-8080-exec-105] org.apache.catalina.core.StandardContext.reload Reloading Context with name [/ResortHub] has started
21-Jan-2024 20:46:08.560 WARNING [http-nio-8080-exec-105] org.apache.jasper.servlet.TldScanner.scanJspConfig Failed to process TLD with path [/WEB-INF/lib/c.tld] and URI [http://java.sun.com/jstl/core]. The specified path does not exist.
21-Jan-2024 20:46:08.569 INFO [http-nio-8080-exec-105] org.apache.jasper.servlet.TldScanner.scanJars At least one JAR was scanned for TLDs yet contained no TLDs. Enable debug logging for this logger for a complete list of JARs that were scanned but no TLDs were found in them. Skipping unneeded JARs during scanning can improve startup time and JSP compilation time.
21-Jan-2024 20:46:08.571 INFO [http-nio-8080-exec-105] org.apache.catalina.core.StandardContext.reload Reloading Context with name [/ResortHub] is completed
21-Jan-2024 20:46:10.057 INFO [Catalina-utility-1] org.apache.catalina.startup.HostConfig.reload Reloading context [/ResortHub]
21-Jan-2024 20:46:10.057 INFO [Catalina-utility-1] org.apache.catalina.core.StandardContext.reload Reloading Context with name [/ResortHub] has started
21-Jan-2024 20:46:10.226 WARNING [Catalina-utility-1] org.apache.jasper.servlet.TldScanner.scanJspConfig Failed to process TLD with path [/WEB-INF/lib/c.tld] and URI [http://java.sun.com/jstl/core]. The specified path does not exist.
21-Jan-2024 20:46:10.234 INFO [Catalina-utility-1] org.apache.jasper.servlet.TldScanner.scanJars At least one JAR was scanned for TLDs yet contained no TLDs. Enable debug logging for this logger for a complete list of JARs that were scanned but no TLDs were found in them. Skipping unneeded JARs during scanning can improve startup time and JSP compilation time.
21-Jan-2024 20:46:10.235 INFO [Catalina-utility-1] org.apache.catalina.core.StandardContext.reload Reloading Context with name [/ResortHub] is completed
21-Jan-2024 20:46:18.591 INFO [http-nio-8080-exec-105] org.apache.catalina.core.StandardContext.reload Reloading Context with name [/ResortHub] has started
21-Jan-2024 20:46:18.765 WARNING [http-nio-8080-exec-105] org.apache.jasper.servlet.TldScanner.scanJspConfig Failed to process TLD with path [/WEB-INF/lib/c.tld] and URI [http://java.sun.com/jstl/core]. The specified path does not exist.
21-Jan-2024 20:46:18.774 INFO [http-nio-8080-exec-105] org.apache.jasper.servlet.TldScanner.scanJars At least one JAR was scanned for TLDs yet contained no TLDs. Enable debug logging for this logger for a complete list of JARs that were scanned but no TLDs were found in them. Skipping unneeded JARs during scanning can improve startup time and JSP compilation time.
21-Jan-2024 20:46:18.776 INFO [http-nio-8080-exec-105] org.apache.catalina.core.StandardContext.reload Reloading Context with name [/ResortHub] is completed
21-Jan-2024 21:05:47.958 INFO [http-nio-8080-exec-110] org.apache.catalina.core.StandardContext.reload Reloading Context with name [/ResortHub] has started
21-Jan-2024 21:05:47.963 WARNING [http-nio-8080-exec-110] org.apache.catalina.loader.WebappClassLoaderBase.clearReferencesJdbc The web application [ResortHub] registered the JDBC driver [com.microsoft.sqlserver.jdbc.SQLServerDriver] but failed to unregister it when the web application was stopped. To prevent a memory leak, the JDBC Driver has been forcibly unregistered.
21-Jan-2024 21:05:48.200 WARNING [http-nio-8080-exec-110] org.apache.jasper.servlet.TldScanner.scanJspConfig Failed to process TLD with path [/WEB-INF/lib/c.tld] and URI [http://java.sun.com/jstl/core]. The specified path does not exist.
21-Jan-2024 21:05:48.211 INFO [http-nio-8080-exec-110] org.apache.jasper.servlet.TldScanner.scanJars At least one JAR was scanned for TLDs yet contained no TLDs. Enable debug logging for this logger for a complete list of JARs that were scanned but no TLDs were found in them. Skipping unneeded JARs during scanning can improve startup time and JSP compilation time.
21-Jan-2024 21:05:48.213 INFO [http-nio-8080-exec-110] org.apache.catalina.core.StandardContext.reload Reloading Context with name [/ResortHub] is completed
21-Jan-2024 21:05:48.536 INFO [http-nio-8080-exec-116] org.apache.catalina.core.StandardContext.reload Reloading Context with name [/ResortHub] has started
21-Jan-2024 21:05:48.738 WARNING [http-nio-8080-exec-116] org.apache.jasper.servlet.TldScanner.scanJspConfig Failed to process TLD with path [/WEB-INF/lib/c.tld] and URI [http://java.sun.com/jstl/core]. The specified path does not exist.
21-Jan-2024 21:05:48.746 INFO [http-nio-8080-exec-116] org.apache.jasper.servlet.TldScanner.scanJars At least one JAR was scanned for TLDs yet contained no TLDs. Enable debug logging for this logger for a complete list of JARs that were scanned but no TLDs were found in them. Skipping unneeded JARs during scanning can improve startup time and JSP compilation time.
21-Jan-2024 21:05:48.748 INFO [http-nio-8080-exec-116] org.apache.catalina.core.StandardContext.reload Reloading Context with name [/ResortHub] is completed
21-Jan-2024 21:08:13.032 INFO [http-nio-8080-exec-117] org.apache.catalina.core.StandardContext.reload Reloading Context with name [/ResortHub] has started
21-Jan-2024 21:08:13.266 WARNING [http-nio-8080-exec-117] org.apache.jasper.servlet.TldScanner.scanJspConfig Failed to process TLD with path [/WEB-INF/lib/c.tld] and URI [http://java.sun.com/jstl/core]. The specified path does not exist.
21-Jan-2024 21:08:13.275 INFO [http-nio-8080-exec-117] org.apache.jasper.servlet.TldScanner.scanJars At least one JAR was scanned for TLDs yet contained no TLDs. Enable debug logging for this logger for a complete list of JARs that were scanned but no TLDs were found in them. Skipping unneeded JARs during scanning can improve startup time and JSP compilation time.
21-Jan-2024 21:08:13.278 INFO [http-nio-8080-exec-117] org.apache.catalina.core.StandardContext.reload Reloading Context with name [/ResortHub] is completed
21-Jan-2024 21:08:57.796 INFO [http-nio-8080-exec-118] org.apache.catalina.core.StandardContext.reload Reloading Context with name [/ResortHub] has started
21-Jan-2024 21:08:58.045 WARNING [http-nio-8080-exec-118] org.apache.jasper.servlet.TldScanner.scanJspConfig Failed to process TLD with path [/WEB-INF/lib/c.tld] and URI [http://java.sun.com/jstl/core]. The specified path does not exist.
21-Jan-2024 21:08:58.053 INFO [http-nio-8080-exec-118] org.apache.jasper.servlet.TldScanner.scanJars At least one JAR was scanned for TLDs yet contained no TLDs. Enable debug logging for this logger for a complete list of JARs that were scanned but no TLDs were found in them. Skipping unneeded JARs during scanning can improve startup time and JSP compilation time.
21-Jan-2024 21:08:58.056 INFO [http-nio-8080-exec-118] org.apache.catalina.core.StandardContext.reload Reloading Context with name [/ResortHub] is completed
21-Jan-2024 21:09:06.710 INFO [http-nio-8080-exec-117] org.apache.catalina.core.StandardContext.reload Reloading Context with name [/ResortHub] has started
21-Jan-2024 21:09:06.894 WARNING [http-nio-8080-exec-117] org.apache.jasper.servlet.TldScanner.scanJspConfig Failed to process TLD with path [/WEB-INF/lib/c.tld] and URI [http://java.sun.com/jstl/core]. The specified path does not exist.
21-Jan-2024 21:09:06.902 INFO [http-nio-8080-exec-117] org.apache.jasper.servlet.TldScanner.scanJars At least one JAR was scanned for TLDs yet contained no TLDs. Enable debug logging for this logger for a complete list of JARs that were scanned but no TLDs were found in them. Skipping unneeded JARs during scanning can improve startup time and JSP compilation time.
21-Jan-2024 21:09:06.904 INFO [http-nio-8080-exec-117] org.apache.catalina.core.StandardContext.reload Reloading Context with name [/ResortHub] is completed
21-Jan-2024 21:09:34.754 INFO [http-nio-8080-exec-119] org.apache.catalina.core.StandardContext.reload Reloading Context with name [/ResortHub] has started
21-Jan-2024 21:09:34.952 WARNING [http-nio-8080-exec-119] org.apache.jasper.servlet.TldScanner.scanJspConfig Failed to process TLD with path [/WEB-INF/lib/c.tld] and URI [http://java.sun.com/jstl/core]. The specified path does not exist.
21-Jan-2024 21:09:34.960 INFO [http-nio-8080-exec-119] org.apache.jasper.servlet.TldScanner.scanJars At least one JAR was scanned for TLDs yet contained no TLDs. Enable debug logging for this logger for a complete list of JARs that were scanned but no TLDs were found in them. Skipping unneeded JARs during scanning can improve startup time and JSP compilation time.
21-Jan-2024 21:09:34.962 INFO [http-nio-8080-exec-119] org.apache.catalina.core.StandardContext.reload Reloading Context with name [/ResortHub] is completed
21-Jan-2024 21:09:37.090 INFO [http-nio-8080-exec-124] org.apache.catalina.core.StandardContext.reload Reloading Context with name [/ResortHub] has started
21-Jan-2024 21:09:37.262 WARNING [http-nio-8080-exec-124] org.apache.jasper.servlet.TldScanner.scanJspConfig Failed to process TLD with path [/WEB-INF/lib/c.tld] and URI [http://java.sun.com/jstl/core]. The specified path does not exist.
21-Jan-2024 21:09:37.270 INFO [http-nio-8080-exec-124] org.apache.jasper.servlet.TldScanner.scanJars At least one JAR was scanned for TLDs yet contained no TLDs. Enable debug logging for this logger for a complete list of JARs that were scanned but no TLDs were found in them. Skipping unneeded JARs during scanning can improve startup time and JSP compilation time.
21-Jan-2024 21:09:37.272 INFO [http-nio-8080-exec-124] org.apache.catalina.core.StandardContext.reload Reloading Context with name [/ResortHub] is completed
21-Jan-2024 21:09:51.628 INFO [http-nio-8080-exec-119] org.apache.catalina.core.StandardContext.reload Reloading Context with name [/ResortHub] has started
21-Jan-2024 21:09:51.837 WARNING [http-nio-8080-exec-119] org.apache.jasper.servlet.TldScanner.scanJspConfig Failed to process TLD with path [/WEB-INF/lib/c.tld] and URI [http://java.sun.com/jstl/core]. The specified path does not exist.
21-Jan-2024 21:09:51.846 INFO [http-nio-8080-exec-119] org.apache.jasper.servlet.TldScanner.scanJars At least one JAR was scanned for TLDs yet contained no TLDs. Enable debug logging for this logger for a complete list of JARs that were scanned but no TLDs were found in them. Skipping unneeded JARs during scanning can improve startup time and JSP compilation time.
21-Jan-2024 21:09:51.848 INFO [http-nio-8080-exec-119] org.apache.catalina.core.StandardContext.reload Reloading Context with name [/ResortHub] is completed
21-Jan-2024 21:10:44.676 INFO [http-nio-8080-exec-124] org.apache.catalina.core.StandardContext.reload Reloading Context with name [/ResortHub] has started
21-Jan-2024 21:10:44.896 WARNING [http-nio-8080-exec-124] org.apache.jasper.servlet.TldScanner.scanJspConfig Failed to process TLD with path [/WEB-INF/lib/c.tld] and URI [http://java.sun.com/jstl/core]. The specified path does not exist.
21-Jan-2024 21:10:44.910 INFO [http-nio-8080-exec-124] org.apache.jasper.servlet.TldScanner.scanJars At least one JAR was scanned for TLDs yet contained no TLDs. Enable debug logging for this logger for a complete list of JARs that were scanned but no TLDs were found in them. Skipping unneeded JARs during scanning can improve startup time and JSP compilation time.
21-Jan-2024 21:10:44.912 INFO [http-nio-8080-exec-124] org.apache.catalina.core.StandardContext.reload Reloading Context with name [/ResortHub] is completed
21-Jan-2024 21:10:47.882 INFO [http-nio-8080-exec-127] org.apache.catalina.core.StandardContext.reload Reloading Context with name [/ResortHub] has started
21-Jan-2024 21:10:48.096 WARNING [http-nio-8080-exec-127] org.apache.jasper.servlet.TldScanner.scanJspConfig Failed to process TLD with path [/WEB-INF/lib/c.tld] and URI [http://java.sun.com/jstl/core]. The specified path does not exist.
21-Jan-2024 21:10:48.106 INFO [http-nio-8080-exec-127] org.apache.jasper.servlet.TldScanner.scanJars At least one JAR was scanned for TLDs yet contained no TLDs. Enable debug logging for this logger for a complete list of JARs that were scanned but no TLDs were found in them. Skipping unneeded JARs during scanning can improve startup time and JSP compilation time.
21-Jan-2024 21:10:48.108 INFO [http-nio-8080-exec-127] org.apache.catalina.core.StandardContext.reload Reloading Context with name [/ResortHub] is completed
21-Jan-2024 21:11:27.294 INFO [http-nio-8080-exec-131] org.apache.catalina.core.StandardContext.reload Reloading Context with name [/ResortHub] has started
21-Jan-2024 21:11:27.296 WARNING [http-nio-8080-exec-131] org.apache.catalina.loader.WebappClassLoaderBase.clearReferencesJdbc The web application [ResortHub] registered the JDBC driver [com.microsoft.sqlserver.jdbc.SQLServerDriver] but failed to unregister it when the web application was stopped. To prevent a memory leak, the JDBC Driver has been forcibly unregistered.
21-Jan-2024 21:11:27.508 WARNING [http-nio-8080-exec-131] org.apache.jasper.servlet.TldScanner.scanJspConfig Failed to process TLD with path [/WEB-INF/lib/c.tld] and URI [http://java.sun.com/jstl/core]. The specified path does not exist.
21-Jan-2024 21:11:27.516 INFO [http-nio-8080-exec-131] org.apache.jasper.servlet.TldScanner.scanJars At least one JAR was scanned for TLDs yet contained no TLDs. Enable debug logging for this logger for a complete list of JARs that were scanned but no TLDs were found in them. Skipping unneeded JARs during scanning can improve startup time and JSP compilation time.
21-Jan-2024 21:11:27.518 INFO [http-nio-8080-exec-131] org.apache.catalina.core.StandardContext.reload Reloading Context with name [/ResortHub] is completed
21-Jan-2024 21:11:32.081 INFO [http-nio-8080-exec-131] org.apache.catalina.startup.HostConfig.undeploy Undeploying context [/ResortHub]
21-Jan-2024 21:11:32.097 INFO [http-nio-8080-exec-122] org.apache.catalina.startup.HostConfig.deployDescriptor Deploying deployment descriptor [/Users/jpesewang/Leif's home/Dev/Workspace/BE/Java/Config/apache-tomcat-10.1.18/conf/Catalina/localhost/ResortHub.xml]
21-Jan-2024 21:11:32.098 WARNING [http-nio-8080-exec-122] org.apache.catalina.startup.HostConfig.deployDescriptor The path attribute with value [/ResortHub] in deployment descriptor [/Users/jpesewang/Leif's home/Dev/Workspace/BE/Java/Config/apache-tomcat-10.1.18/conf/Catalina/localhost/ResortHub.xml] has been ignored
21-Jan-2024 21:11:32.274 WARNING [http-nio-8080-exec-122] org.apache.jasper.servlet.TldScanner.scanJspConfig Failed to process TLD with path [/WEB-INF/lib/c.tld] and URI [http://java.sun.com/jstl/core]. The specified path does not exist.
21-Jan-2024 21:11:32.281 INFO [http-nio-8080-exec-122] org.apache.jasper.servlet.TldScanner.scanJars At least one JAR was scanned for TLDs yet contained no TLDs. Enable debug logging for this logger for a complete list of JARs that were scanned but no TLDs were found in them. Skipping unneeded JARs during scanning can improve startup time and JSP compilation time.
21-Jan-2024 21:11:32.284 INFO [http-nio-8080-exec-122] org.apache.catalina.startup.HostConfig.deployDescriptor Deployment of deployment descriptor [/Users/jpesewang/Leif's home/Dev/Workspace/BE/Java/Config/apache-tomcat-10.1.18/conf/Catalina/localhost/ResortHub.xml] has finished in [186] ms
21-Jan-2024 21:11:32.291 INFO [http-nio-8080-exec-132] org.apache.catalina.util.LifecycleBase.start The start() method was called on component [StandardEngine[Catalina].StandardHost[localhost].StandardContext[/ResortHub]] after start() had already been called. The second call will be ignored.
21-Jan-2024 21:15:11.869 INFO [http-nio-8080-exec-139] org.apache.catalina.core.StandardContext.reload Reloading Context with name [/ResortHub] has started
21-Jan-2024 21:15:11.874 WARNING [http-nio-8080-exec-139] org.apache.catalina.loader.WebappClassLoaderBase.clearReferencesJdbc The web application [ResortHub] registered the JDBC driver [com.microsoft.sqlserver.jdbc.SQLServerDriver] but failed to unregister it when the web application was stopped. To prevent a memory leak, the JDBC Driver has been forcibly unregistered.
21-Jan-2024 21:15:12.086 WARNING [http-nio-8080-exec-139] org.apache.jasper.servlet.TldScanner.scanJspConfig Failed to process TLD with path [/WEB-INF/lib/c.tld] and URI [http://java.sun.com/jstl/core]. The specified path does not exist.
21-Jan-2024 21:15:12.095 INFO [http-nio-8080-exec-139] org.apache.jasper.servlet.TldScanner.scanJars At least one JAR was scanned for TLDs yet contained no TLDs. Enable debug logging for this logger for a complete list of JARs that were scanned but no TLDs were found in them. Skipping unneeded JARs during scanning can improve startup time and JSP compilation time.
21-Jan-2024 21:15:12.097 INFO [http-nio-8080-exec-139] org.apache.catalina.core.StandardContext.reload Reloading Context with name [/ResortHub] is completed
21-Jan-2024 21:15:54.528 INFO [http-nio-8080-exec-136] org.apache.catalina.core.StandardContext.reload Reloading Context with name [/ResortHub] has started
21-Jan-2024 21:15:54.755 WARNING [http-nio-8080-exec-136] org.apache.jasper.servlet.TldScanner.scanJspConfig Failed to process TLD with path [/WEB-INF/lib/c.tld] and URI [http://java.sun.com/jstl/core]. The specified path does not exist.
21-Jan-2024 21:15:54.763 INFO [http-nio-8080-exec-136] org.apache.jasper.servlet.TldScanner.scanJars At least one JAR was scanned for TLDs yet contained no TLDs. Enable debug logging for this logger for a complete list of JARs that were scanned but no TLDs were found in them. Skipping unneeded JARs during scanning can improve startup time and JSP compilation time.
21-Jan-2024 21:15:54.766 INFO [http-nio-8080-exec-136] org.apache.catalina.core.StandardContext.reload Reloading Context with name [/ResortHub] is completed
21-Jan-2024 21:16:21.599 INFO [http-nio-8080-exec-143] org.apache.catalina.core.StandardContext.reload Reloading Context with name [/ResortHub] has started
21-Jan-2024 21:16:21.805 WARNING [http-nio-8080-exec-143] org.apache.jasper.servlet.TldScanner.scanJspConfig Failed to process TLD with path [/WEB-INF/lib/c.tld] and URI [http://java.sun.com/jstl/core]. The specified path does not exist.
21-Jan-2024 21:16:21.814 INFO [http-nio-8080-exec-143] org.apache.jasper.servlet.TldScanner.scanJars At least one JAR was scanned for TLDs yet contained no TLDs. Enable debug logging for this logger for a complete list of JARs that were scanned but no TLDs were found in them. Skipping unneeded JARs during scanning can improve startup time and JSP compilation time.
21-Jan-2024 21:16:21.816 INFO [http-nio-8080-exec-143] org.apache.catalina.core.StandardContext.reload Reloading Context with name [/ResortHub] is completed
21-Jan-2024 21:16:54.223 INFO [http-nio-8080-exec-140] org.apache.catalina.core.StandardContext.reload Reloading Context with name [/ResortHub] has started
21-Jan-2024 21:16:54.458 WARNING [http-nio-8080-exec-140] org.apache.jasper.servlet.TldScanner.scanJspConfig Failed to process TLD with path [/WEB-INF/lib/c.tld] and URI [http://java.sun.com/jstl/core]. The specified path does not exist.
21-Jan-2024 21:16:54.467 INFO [http-nio-8080-exec-140] org.apache.jasper.servlet.TldScanner.scanJars At least one JAR was scanned for TLDs yet contained no TLDs. Enable debug logging for this logger for a complete list of JARs that were scanned but no TLDs were found in them. Skipping unneeded JARs during scanning can improve startup time and JSP compilation time.
21-Jan-2024 21:16:54.469 INFO [http-nio-8080-exec-140] org.apache.catalina.core.StandardContext.reload Reloading Context with name [/ResortHub] is completed
21-Jan-2024 21:16:56.435 INFO [http-nio-8080-exec-126] org.apache.catalina.core.StandardContext.reload Reloading Context with name [/ResortHub] has started
21-Jan-2024 21:16:56.620 WARNING [http-nio-8080-exec-126] org.apache.jasper.servlet.TldScanner.scanJspConfig Failed to process TLD with path [/WEB-INF/lib/c.tld] and URI [http://java.sun.com/jstl/core]. The specified path does not exist.
21-Jan-2024 21:16:56.629 INFO [http-nio-8080-exec-126] org.apache.jasper.servlet.TldScanner.scanJars At least one JAR was scanned for TLDs yet contained no TLDs. Enable debug logging for this logger for a complete list of JARs that were scanned but no TLDs were found in them. Skipping unneeded JARs during scanning can improve startup time and JSP compilation time.
21-Jan-2024 21:16:56.630 INFO [http-nio-8080-exec-126] org.apache.catalina.core.StandardContext.reload Reloading Context with name [/ResortHub] is completed
21-Jan-2024 21:18:47.461 INFO [http-nio-8080-exec-142] org.apache.catalina.core.StandardContext.reload Reloading Context with name [/ResortHub] has started
21-Jan-2024 21:18:47.694 WARNING [http-nio-8080-exec-142] org.apache.jasper.servlet.TldScanner.scanJspConfig Failed to process TLD with path [/WEB-INF/lib/c.tld] and URI [http://java.sun.com/jstl/core]. The specified path does not exist.
21-Jan-2024 21:18:47.703 INFO [http-nio-8080-exec-142] org.apache.jasper.servlet.TldScanner.scanJars At least one JAR was scanned for TLDs yet contained no TLDs. Enable debug logging for this logger for a complete list of JARs that were scanned but no TLDs were found in them. Skipping unneeded JARs during scanning can improve startup time and JSP compilation time.
21-Jan-2024 21:18:47.706 INFO [http-nio-8080-exec-142] org.apache.catalina.core.StandardContext.reload Reloading Context with name [/ResortHub] is completed
21-Jan-2024 21:18:51.732 INFO [http-nio-8080-exec-150] org.apache.catalina.core.StandardContext.reload Reloading Context with name [/ResortHub] has started
21-Jan-2024 21:18:51.914 WARNING [http-nio-8080-exec-150] org.apache.jasper.servlet.TldScanner.scanJspConfig Failed to process TLD with path [/WEB-INF/lib/c.tld] and URI [http://java.sun.com/jstl/core]. The specified path does not exist.
21-Jan-2024 21:18:51.922 INFO [http-nio-8080-exec-150] org.apache.jasper.servlet.TldScanner.scanJars At least one JAR was scanned for TLDs yet contained no TLDs. Enable debug logging for this logger for a complete list of JARs that were scanned but no TLDs were found in them. Skipping unneeded JARs during scanning can improve startup time and JSP compilation time.
21-Jan-2024 21:18:51.925 INFO [http-nio-8080-exec-150] org.apache.catalina.core.StandardContext.reload Reloading Context with name [/ResortHub] is completed
21-Jan-2024 21:19:07.946 INFO [http-nio-8080-exec-152] org.apache.catalina.core.StandardContext.reload Reloading Context with name [/ResortHub] has started
21-Jan-2024 21:19:08.137 WARNING [http-nio-8080-exec-152] org.apache.jasper.servlet.TldScanner.scanJspConfig Failed to process TLD with path [/WEB-INF/lib/c.tld] and URI [http://java.sun.com/jstl/core]. The specified path does not exist.
21-Jan-2024 21:19:08.144 INFO [http-nio-8080-exec-152] org.apache.jasper.servlet.TldScanner.scanJars At least one JAR was scanned for TLDs yet contained no TLDs. Enable debug logging for this logger for a complete list of JARs that were scanned but no TLDs were found in them. Skipping unneeded JARs during scanning can improve startup time and JSP compilation time.
21-Jan-2024 21:19:08.146 INFO [http-nio-8080-exec-152] org.apache.catalina.core.StandardContext.reload Reloading Context with name [/ResortHub] is completed
21-Jan-2024 21:19:09.920 INFO [http-nio-8080-exec-138] org.apache.catalina.core.StandardContext.reload Reloading Context with name [/ResortHub] has started
21-Jan-2024 21:19:10.090 WARNING [http-nio-8080-exec-138] org.apache.jasper.servlet.TldScanner.scanJspConfig Failed to process TLD with path [/WEB-INF/lib/c.tld] and URI [http://java.sun.com/jstl/core]. The specified path does not exist.
21-Jan-2024 21:19:10.098 INFO [http-nio-8080-exec-138] org.apache.jasper.servlet.TldScanner.scanJars At least one JAR was scanned for TLDs yet contained no TLDs. Enable debug logging for this logger for a complete list of JARs that were scanned but no TLDs were found in them. Skipping unneeded JARs during scanning can improve startup time and JSP compilation time.
21-Jan-2024 21:19:10.100 INFO [http-nio-8080-exec-138] org.apache.catalina.core.StandardContext.reload Reloading Context with name [/ResortHub] is completed
21-Jan-2024 21:27:14.865 INFO [http-nio-8080-exec-159] org.apache.catalina.core.StandardContext.reload Reloading Context with name [/ResortHub] has started
21-Jan-2024 21:27:14.888 WARNING [http-nio-8080-exec-159] org.apache.catalina.loader.WebappClassLoaderBase.clearReferencesJdbc The web application [ResortHub] registered the JDBC driver [com.microsoft.sqlserver.jdbc.SQLServerDriver] but failed to unregister it when the web application was stopped. To prevent a memory leak, the JDBC Driver has been forcibly unregistered.
21-Jan-2024 21:27:15.105 WARNING [http-nio-8080-exec-159] org.apache.jasper.servlet.TldScanner.scanJspConfig Failed to process TLD with path [/WEB-INF/lib/c.tld] and URI [http://java.sun.com/jstl/core]. The specified path does not exist.
21-Jan-2024 21:27:15.114 INFO [http-nio-8080-exec-159] org.apache.jasper.servlet.TldScanner.scanJars At least one JAR was scanned for TLDs yet contained no TLDs. Enable debug logging for this logger for a complete list of JARs that were scanned but no TLDs were found in them. Skipping unneeded JARs during scanning can improve startup time and JSP compilation time.
21-Jan-2024 21:27:15.116 INFO [http-nio-8080-exec-159] org.apache.catalina.core.StandardContext.reload Reloading Context with name [/ResortHub] is completed
21-Jan-2024 21:27:43.038 INFO [http-nio-8080-exec-158] org.apache.catalina.core.StandardContext.reload Reloading Context with name [/ResortHub] has started
21-Jan-2024 21:27:43.238 WARNING [http-nio-8080-exec-158] org.apache.jasper.servlet.TldScanner.scanJspConfig Failed to process TLD with path [/WEB-INF/lib/c.tld] and URI [http://java.sun.com/jstl/core]. The specified path does not exist.
21-Jan-2024 21:27:43.247 INFO [http-nio-8080-exec-158] org.apache.jasper.servlet.TldScanner.scanJars At least one JAR was scanned for TLDs yet contained no TLDs. Enable debug logging for this logger for a complete list of JARs that were scanned but no TLDs were found in them. Skipping unneeded JARs during scanning can improve startup time and JSP compilation time.
21-Jan-2024 21:27:43.249 INFO [http-nio-8080-exec-158] org.apache.catalina.core.StandardContext.reload Reloading Context with name [/ResortHub] is completed
21-Jan-2024 22:25:00.078 INFO [http-nio-8080-exec-170] org.apache.catalina.core.StandardContext.reload Reloading Context with name [/ResortHub] has started
21-Jan-2024 22:25:00.083 WARNING [http-nio-8080-exec-170] org.apache.catalina.loader.WebappClassLoaderBase.clearReferencesJdbc The web application [ResortHub] registered the JDBC driver [com.microsoft.sqlserver.jdbc.SQLServerDriver] but failed to unregister it when the web application was stopped. To prevent a memory leak, the JDBC Driver has been forcibly unregistered.
21-Jan-2024 22:25:00.340 WARNING [http-nio-8080-exec-170] org.apache.jasper.servlet.TldScanner.scanJspConfig Failed to process TLD with path [/WEB-INF/lib/c.tld] and URI [http://java.sun.com/jstl/core]. The specified path does not exist.
21-Jan-2024 22:25:00.350 INFO [http-nio-8080-exec-170] org.apache.jasper.servlet.TldScanner.scanJars At least one JAR was scanned for TLDs yet contained no TLDs. Enable debug logging for this logger for a complete list of JARs that were scanned but no TLDs were found in them. Skipping unneeded JARs during scanning can improve startup time and JSP compilation time.
21-Jan-2024 22:25:00.353 INFO [http-nio-8080-exec-170] org.apache.catalina.core.StandardContext.reload Reloading Context with name [/ResortHub] is completed
21-Jan-2024 22:25:00.680 INFO [http-nio-8080-exec-173] org.apache.catalina.core.StandardContext.reload Reloading Context with name [/ResortHub] has started
21-Jan-2024 22:25:00.884 WARNING [http-nio-8080-exec-173] org.apache.jasper.servlet.TldScanner.scanJspConfig Failed to process TLD with path [/WEB-INF/lib/c.tld] and URI [http://java.sun.com/jstl/core]. The specified path does not exist.
21-Jan-2024 22:25:00.892 INFO [http-nio-8080-exec-173] org.apache.jasper.servlet.TldScanner.scanJars At least one JAR was scanned for TLDs yet contained no TLDs. Enable debug logging for this logger for a complete list of JARs that were scanned but no TLDs were found in them. Skipping unneeded JARs during scanning can improve startup time and JSP compilation time.
21-Jan-2024 22:25:00.894 INFO [http-nio-8080-exec-173] org.apache.catalina.core.StandardContext.reload Reloading Context with name [/ResortHub] is completed
21-Jan-2024 22:25:02.161 INFO [http-nio-8080-exec-168] org.apache.catalina.core.StandardContext.reload Reloading Context with name [/ResortHub] has started
21-Jan-2024 22:25:02.323 WARNING [http-nio-8080-exec-168] org.apache.jasper.servlet.TldScanner.scanJspConfig Failed to process TLD with path [/WEB-INF/lib/c.tld] and URI [http://java.sun.com/jstl/core]. The specified path does not exist.
21-Jan-2024 22:25:02.335 INFO [http-nio-8080-exec-168] org.apache.jasper.servlet.TldScanner.scanJars At least one JAR was scanned for TLDs yet contained no TLDs. Enable debug logging for this logger for a complete list of JARs that were scanned but no TLDs were found in them. Skipping unneeded JARs during scanning can improve startup time and JSP compilation time.
21-Jan-2024 22:25:02.337 INFO [http-nio-8080-exec-168] org.apache.catalina.core.StandardContext.reload Reloading Context with name [/ResortHub] is completed
21-Jan-2024 22:26:16.283 INFO [http-nio-8080-exec-169] org.apache.catalina.core.StandardContext.reload Reloading Context with name [/ResortHub] has started
21-Jan-2024 22:26:16.288 WARNING [http-nio-8080-exec-169] org.apache.catalina.loader.WebappClassLoaderBase.clearReferencesJdbc The web application [ResortHub] registered the JDBC driver [com.microsoft.sqlserver.jdbc.SQLServerDriver] but failed to unregister it when the web application was stopped. To prevent a memory leak, the JDBC Driver has been forcibly unregistered.
21-Jan-2024 22:26:16.551 WARNING [http-nio-8080-exec-169] org.apache.jasper.servlet.TldScanner.scanJspConfig Failed to process TLD with path [/WEB-INF/lib/c.tld] and URI [http://java.sun.com/jstl/core]. The specified path does not exist.
21-Jan-2024 22:26:16.568 INFO [http-nio-8080-exec-169] org.apache.jasper.servlet.TldScanner.scanJars At least one JAR was scanned for TLDs yet contained no TLDs. Enable debug logging for this logger for a complete list of JARs that were scanned but no TLDs were found in them. Skipping unneeded JARs during scanning can improve startup time and JSP compilation time.
21-Jan-2024 22:26:16.572 INFO [http-nio-8080-exec-169] org.apache.catalina.core.StandardContext.reload Reloading Context with name [/ResortHub] is completed
21-Jan-2024 23:15:31.642 INFO [http-nio-8080-exec-184] org.apache.catalina.core.StandardContext.reload Reloading Context with name [/ResortHub] has started
21-Jan-2024 23:15:31.648 WARNING [http-nio-8080-exec-184] org.apache.catalina.loader.WebappClassLoaderBase.clearReferencesJdbc The web application [ResortHub] registered the JDBC driver [com.microsoft.sqlserver.jdbc.SQLServerDriver] but failed to unregister it when the web application was stopped. To prevent a memory leak, the JDBC Driver has been forcibly unregistered.
21-Jan-2024 23:15:31.876 WARNING [http-nio-8080-exec-184] org.apache.jasper.servlet.TldScanner.scanJspConfig Failed to process TLD with path [/WEB-INF/lib/c.tld] and URI [http://java.sun.com/jstl/core]. The specified path does not exist.
21-Jan-2024 23:15:31.886 INFO [http-nio-8080-exec-184] org.apache.jasper.servlet.TldScanner.scanJars At least one JAR was scanned for TLDs yet contained no TLDs. Enable debug logging for this logger for a complete list of JARs that were scanned but no TLDs were found in them. Skipping unneeded JARs during scanning can improve startup time and JSP compilation time.
21-Jan-2024 23:15:31.889 INFO [http-nio-8080-exec-184] org.apache.catalina.core.StandardContext.reload Reloading Context with name [/ResortHub] is completed
21-Jan-2024 23:16:46.885 INFO [http-nio-8080-exec-190] org.apache.catalina.core.StandardContext.reload Reloading Context with name [/ResortHub] has started
21-Jan-2024 23:16:46.890 WARNING [http-nio-8080-exec-190] org.apache.catalina.loader.WebappClassLoaderBase.clearReferencesJdbc The web application [ResortHub] registered the JDBC driver [com.microsoft.sqlserver.jdbc.SQLServerDriver] but failed to unregister it when the web application was stopped. To prevent a memory leak, the JDBC Driver has been forcibly unregistered.
21-Jan-2024 23:16:47.129 WARNING [http-nio-8080-exec-190] org.apache.jasper.servlet.TldScanner.scanJspConfig Failed to process TLD with path [/WEB-INF/lib/c.tld] and URI [http://java.sun.com/jstl/core]. The specified path does not exist.
21-Jan-2024 23:16:47.139 INFO [http-nio-8080-exec-190] org.apache.jasper.servlet.TldScanner.scanJars At least one JAR was scanned for TLDs yet contained no TLDs. Enable debug logging for this logger for a complete list of JARs that were scanned but no TLDs were found in them. Skipping unneeded JARs during scanning can improve startup time and JSP compilation time.
21-Jan-2024 23:16:47.142 INFO [http-nio-8080-exec-190] org.apache.catalina.core.StandardContext.reload Reloading Context with name [/ResortHub] is completed
21-Jan-2024 23:18:39.466 INFO [http-nio-8080-exec-209] org.apache.catalina.core.StandardContext.reload Reloading Context with name [/ResortHub] has started
21-Jan-2024 23:18:39.472 WARNING [http-nio-8080-exec-209] org.apache.catalina.loader.WebappClassLoaderBase.clearReferencesJdbc The web application [ResortHub] registered the JDBC driver [com.microsoft.sqlserver.jdbc.SQLServerDriver] but failed to unregister it when the web application was stopped. To prevent a memory leak, the JDBC Driver has been forcibly unregistered.
21-Jan-2024 23:18:39.717 WARNING [http-nio-8080-exec-209] org.apache.jasper.servlet.TldScanner.scanJspConfig Failed to process TLD with path [/WEB-INF/lib/c.tld] and URI [http://java.sun.com/jstl/core]. The specified path does not exist.
21-Jan-2024 23:18:39.726 INFO [http-nio-8080-exec-209] org.apache.jasper.servlet.TldScanner.scanJars At least one JAR was scanned for TLDs yet contained no TLDs. Enable debug logging for this logger for a complete list of JARs that were scanned but no TLDs were found in them. Skipping unneeded JARs during scanning can improve startup time and JSP compilation time.
21-Jan-2024 23:18:39.729 INFO [http-nio-8080-exec-209] org.apache.catalina.core.StandardContext.reload Reloading Context with name [/ResortHub] is completed
21-Jan-2024 23:19:05.493 INFO [http-nio-8080-exec-202] org.apache.catalina.core.StandardContext.reload Reloading Context with name [/ResortHub] has started
21-Jan-2024 23:19:05.722 WARNING [http-nio-8080-exec-202] org.apache.jasper.servlet.TldScanner.scanJspConfig Failed to process TLD with path [/WEB-INF/lib/c.tld] and URI [http://java.sun.com/jstl/core]. The specified path does not exist.
21-Jan-2024 23:19:05.730 INFO [http-nio-8080-exec-202] org.apache.jasper.servlet.TldScanner.scanJars At least one JAR was scanned for TLDs yet contained no TLDs. Enable debug logging for this logger for a complete list of JARs that were scanned but no TLDs were found in them. Skipping unneeded JARs during scanning can improve startup time and JSP compilation time.
21-Jan-2024 23:19:05.732 INFO [http-nio-8080-exec-202] org.apache.catalina.core.StandardContext.reload Reloading Context with name [/ResortHub] is completed
21-Jan-2024 23:19:55.441 INFO [http-nio-8080-exec-216] org.apache.catalina.core.StandardContext.reload Reloading Context with name [/ResortHub] has started
21-Jan-2024 23:19:55.449 WARNING [http-nio-8080-exec-216] org.apache.catalina.loader.WebappClassLoaderBase.clearReferencesJdbc The web application [ResortHub] registered the JDBC driver [com.microsoft.sqlserver.jdbc.SQLServerDriver] but failed to unregister it when the web application was stopped. To prevent a memory leak, the JDBC Driver has been forcibly unregistered.
21-Jan-2024 23:19:55.732 WARNING [http-nio-8080-exec-216] org.apache.jasper.servlet.TldScanner.scanJspConfig Failed to process TLD with path [/WEB-INF/lib/c.tld] and URI [http://java.sun.com/jstl/core]. The specified path does not exist.
21-Jan-2024 23:19:55.762 INFO [http-nio-8080-exec-216] org.apache.jasper.servlet.TldScanner.scanJars At least one JAR was scanned for TLDs yet contained no TLDs. Enable debug logging for this logger for a complete list of JARs that were scanned but no TLDs were found in them. Skipping unneeded JARs during scanning can improve startup time and JSP compilation time.
21-Jan-2024 23:19:55.770 INFO [http-nio-8080-exec-216] org.apache.catalina.core.StandardContext.reload Reloading Context with name [/ResortHub] is completed
21-Jan-2024 23:19:56.092 INFO [http-nio-8080-exec-222] org.apache.catalina.core.StandardContext.reload Reloading Context with name [/ResortHub] has started
21-Jan-2024 23:19:56.284 WARNING [http-nio-8080-exec-222] org.apache.jasper.servlet.TldScanner.scanJspConfig Failed to process TLD with path [/WEB-INF/lib/c.tld] and URI [http://java.sun.com/jstl/core]. The specified path does not exist.
21-Jan-2024 23:19:56.292 INFO [http-nio-8080-exec-222] org.apache.jasper.servlet.TldScanner.scanJars At least one JAR was scanned for TLDs yet contained no TLDs. Enable debug logging for this logger for a complete list of JARs that were scanned but no TLDs were found in them. Skipping unneeded JARs during scanning can improve startup time and JSP compilation time.
21-Jan-2024 23:19:56.294 INFO [http-nio-8080-exec-222] org.apache.catalina.core.StandardContext.reload Reloading Context with name [/ResortHub] is completed
21-Jan-2024 23:20:37.442 INFO [http-nio-8080-exec-213] org.apache.catalina.core.StandardContext.reload Reloading Context with name [/ResortHub] has started
21-Jan-2024 23:20:37.833 WARNING [http-nio-8080-exec-213] org.apache.jasper.servlet.TldScanner.scanJspConfig Failed to process TLD with path [/WEB-INF/lib/c.tld] and URI [http://java.sun.com/jstl/core]. The specified path does not exist.
21-Jan-2024 23:20:37.855 INFO [http-nio-8080-exec-213] org.apache.jasper.servlet.TldScanner.scanJars At least one JAR was scanned for TLDs yet contained no TLDs. Enable debug logging for this logger for a complete list of JARs that were scanned but no TLDs were found in them. Skipping unneeded JARs during scanning can improve startup time and JSP compilation time.
21-Jan-2024 23:20:37.864 INFO [http-nio-8080-exec-213] org.apache.catalina.core.StandardContext.reload Reloading Context with name [/ResortHub] is completed
